<?xml version="1.0" encoding="UTF-8" ?>
<testsuite tests="1" failures="0" name="com.imooc.o2o.dao.AreaDaoTest" time="0.001" errors="1" skipped="0">
  <properties>
[...]
</properties>
  <testcase classname="com.imooc.o2o.dao.AreaDaoTest" name="testQueryArea" time="0.001">
    <error message="Failed to load ApplicationContext" type="java.lang.IllegalStateException">java.lang.IllegalStateException: Failed to load ApplicationContext
	at org.springframework.test.context.cache.DefaultCacheAwareContextLoaderDelegate.loadContext(DefaultCacheAwareContextLoaderDelegate.java:124)
	at org.springframework.test.context.support.DefaultTestContext.getApplicationContext(DefaultTestContext.java:83)
	at org.springframework.test.context.support.DependencyInjectionTestExecutionListener.injectDependencies(DependencyInjectionTestExecutionListener.java:117)
	at org.springframework.test.context.support.DependencyInjectionTestExecutionListener.prepareTestInstance(DependencyInjectionTestExecutionListener.java:83)
	at org.springframework.test.context.TestContextManager.prepareTestInstance(TestContextManager.java:230)
	at org.springframework.test.context.junit4.SpringJUnit4ClassRunner.createTest(SpringJUnit4ClassRunner.java:228)
	at org.springframework.test.context.junit4.SpringJUnit4ClassRunner$1.runReflectiveCall(SpringJUnit4ClassRunner.java:287)
	at org.junit.internal.runners.model.ReflectiveCallable.run(ReflectiveCallable.java:12)
	at org.springframework.test.context.junit4.SpringJUnit4ClassRunner.methodBlock(SpringJUnit4ClassRunner.java:289)
	at org.springframework.test.context.junit4.SpringJUnit4ClassRunner.runChild(SpringJUnit4ClassRunner.java:247)
	at org.springframework.test.context.junit4.SpringJUnit4ClassRunner.runChild(SpringJUnit4ClassRunner.java:94)
	at org.junit.runners.ParentRunner$3.run(ParentRunner.java:290)
	at org.junit.runners.ParentRunner$1.schedule(ParentRunner.java:71)
	at org.junit.runners.ParentRunner.runChildren(ParentRunner.java:288)
	at org.junit.runners.ParentRunner.access$000(ParentRunner.java:58)
	at org.junit.runners.ParentRunner$2.evaluate(ParentRunner.java:268)
	at org.springframework.test.context.junit4.statements.RunBeforeTestClassCallbacks.evaluate(RunBeforeTestClassCallbacks.java:61)
	at org.springframework.test.context.junit4.statements.RunAfterTestClassCallbacks.evaluate(RunAfterTestClassCallbacks.java:70)
	at org.junit.runners.ParentRunner.run(ParentRunner.java:363)
	at org.springframework.test.context.junit4.SpringJUnit4ClassRunner.run(SpringJUnit4ClassRunner.java:191)
	at org.apache.maven.surefire.junit4.JUnit4Provider.execute(JUnit4Provider.java:252)
	at org.apache.maven.surefire.junit4.JUnit4Provider.executeTestSet(JUnit4Provider.java:141)
	at org.apache.maven.surefire.junit4.JUnit4Provider.invoke(JUnit4Provider.java:112)
	at sun.reflect.NativeMethodAccessorImpl.invoke0(Native Method)
	at sun.reflect.NativeMethodAccessorImpl.invoke(NativeMethodAccessorImpl.java:62)
	at sun.reflect.DelegatingMethodAccessorImpl.invoke(DelegatingMethodAccessorImpl.java:43)
	at java.lang.reflect.Method.invoke(Method.java:497)
	at org.apache.maven.surefire.util.ReflectionUtils.invokeMethodWithArray(ReflectionUtils.java:189)
	at org.apache.maven.surefire.booter.ProviderFactory$ProviderProxy.invoke(ProviderFactory.java:165)
	at org.apache.maven.surefire.booter.ProviderFactory.invokeProvider(ProviderFactory.java:85)
	at org.apache.maven.surefire.booter.ForkedBooter.runSuitesInProcess(ForkedBooter.java:115)
	at org.apache.maven.surefire.booter.ForkedBooter.main(ForkedBooter.java:75)
Caused by: org.springframework.beans.factory.BeanCreationException: Error creating bean with name &apos;sqlSessionFactory&apos; defined in class path resource [spring/spring-dao.xml]: Invocation of init method failed; nested exception is org.springframework.core.NestedIOException: Failed to parse config resource: class path resource [mybatis-config.xml]; nested exception is org.apache.ibatis.builder.BuilderException: Error parsing SQL Mapper Configuration. Cause: org.apache.ibatis.builder.BuilderException: Error resolving class. Cause: org.apache.ibatis.type.TypeException: Could not resolve type alias &apos;com.imooc.o2o.dao.split.DynamicDataSourceInterceptor&apos;.  Cause: java.lang.ClassNotFoundException: Cannot find class: com.imooc.o2o.dao.split.DynamicDataSourceInterceptor
	at org.springframework.beans.factory.support.AbstractAutowireCapableBeanFactory.initializeBean(AbstractAutowireCapableBeanFactory.java:1628)
	at org.springframework.beans.factory.support.AbstractAutowireCapableBeanFactory.doCreateBean(AbstractAutowireCapableBeanFactory.java:555)
	at org.springframework.beans.factory.support.AbstractAutowireCapableBeanFactory.createBean(AbstractAutowireCapableBeanFactory.java:483)
	at org.springframework.beans.factory.support.AbstractBeanFactory$1.getObject(AbstractBeanFactory.java:306)
	at org.springframework.beans.factory.support.DefaultSingletonBeanRegistry.getSingleton(DefaultSingletonBeanRegistry.java:230)
	at org.springframework.beans.factory.support.AbstractBeanFactory.doGetBean(AbstractBeanFactory.java:302)
	at org.springframework.beans.factory.support.AbstractBeanFactory.getBean(AbstractBeanFactory.java:197)
	at org.springframework.beans.factory.support.DefaultListableBeanFactory.preInstantiateSingletons(DefaultListableBeanFactory.java:742)
	at org.springframework.context.support.AbstractApplicationContext.finishBeanFactoryInitialization(AbstractApplicationContext.java:866)
	at org.springframework.context.support.AbstractApplicationContext.refresh(AbstractApplicationContext.java:542)
	at org.springframework.test.context.support.AbstractGenericContextLoader.loadContext(AbstractGenericContextLoader.java:128)
	at org.springframework.test.context.support.AbstractGenericContextLoader.loadContext(AbstractGenericContextLoader.java:60)
	at org.springframework.test.context.support.AbstractDelegatingSmartContextLoader.delegateLoading(AbstractDelegatingSmartContextLoader.java:108)
	at org.springframework.test.context.support.AbstractDelegatingSmartContextLoader.loadContext(AbstractDelegatingSmartContextLoader.java:251)
	at org.springframework.test.context.cache.DefaultCacheAwareContextLoaderDelegate.loadContextInternal(DefaultCacheAwareContextLoaderDelegate.java:98)
	at org.springframework.test.context.cache.DefaultCacheAwareContextLoaderDelegate.loadContext(DefaultCacheAwareContextLoaderDelegate.java:116)
	... 31 more
Caused by: org.springframework.core.NestedIOException: Failed to parse config resource: class path resource [mybatis-config.xml]; nested exception is org.apache.ibatis.builder.BuilderException: Error parsing SQL Mapper Configuration. Cause: org.apache.ibatis.builder.BuilderException: Error resolving class. Cause: org.apache.ibatis.type.TypeException: Could not resolve type alias &apos;com.imooc.o2o.dao.split.DynamicDataSourceInterceptor&apos;.  Cause: java.lang.ClassNotFoundException: Cannot find class: com.imooc.o2o.dao.split.DynamicDataSourceInterceptor
	at org.mybatis.spring.SqlSessionFactoryBean.buildSqlSessionFactory(SqlSessionFactoryBean.java:500)
	at org.mybatis.spring.SqlSessionFactoryBean.afterPropertiesSet(SqlSessionFactoryBean.java:380)
	at org.springframework.beans.factory.support.AbstractAutowireCapableBeanFactory.invokeInitMethods(AbstractAutowireCapableBeanFactory.java:1687)
	at org.springframework.beans.factory.support.AbstractAutowireCapableBeanFactory.initializeBean(AbstractAutowireCapableBeanFactory.java:1624)
	... 46 more
Caused by: org.apache.ibatis.builder.BuilderException: Error parsing SQL Mapper Configuration. Cause: org.apache.ibatis.builder.BuilderException: Error resolving class. Cause: org.apache.ibatis.type.TypeException: Could not resolve type alias &apos;com.imooc.o2o.dao.split.DynamicDataSourceInterceptor&apos;.  Cause: java.lang.ClassNotFoundException: Cannot find class: com.imooc.o2o.dao.split.DynamicDataSourceInterceptor
	at org.apache.ibatis.builder.xml.XMLConfigBuilder.parseConfiguration(XMLConfigBuilder.java:120)
	at org.apache.ibatis.builder.xml.XMLConfigBuilder.parse(XMLConfigBuilder.java:98)
	at org.mybatis.spring.SqlSessionFactoryBean.buildSqlSessionFactory(SqlSessionFactoryBean.java:494)
	... 49 more
Caused by: org.apache.ibatis.builder.BuilderException: Error resolving class. Cause: org.apache.ibatis.type.TypeException: Could not resolve type alias &apos;com.imooc.o2o.dao.split.DynamicDataSourceInterceptor&apos;.  Cause: java.lang.ClassNotFoundException: Cannot find class: com.imooc.o2o.dao.split.DynamicDataSourceInterceptor
	at org.apache.ibatis.builder.BaseBuilder.resolveClass(BaseBuilder.java:118)
	at org.apache.ibatis.builder.xml.XMLConfigBuilder.pluginElement(XMLConfigBuilder.java:182)
	at org.apache.ibatis.builder.xml.XMLConfigBuilder.parseConfiguration(XMLConfigBuilder.java:109)
	... 51 more
Caused by: org.apache.ibatis.type.TypeException: Could not resolve type alias &apos;com.imooc.o2o.dao.split.DynamicDataSourceInterceptor&apos;.  Cause: java.lang.ClassNotFoundException: Cannot find class: com.imooc.o2o.dao.split.DynamicDataSourceInterceptor
	at org.apache.ibatis.type.TypeAliasRegistry.resolveAlias(TypeAliasRegistry.java:120)
	at org.apache.ibatis.builder.BaseBuilder.resolveAlias(BaseBuilder.java:149)
	at org.apache.ibatis.builder.BaseBuilder.resolveClass(BaseBuilder.java:116)
	... 53 more
Caused by: java.lang.ClassNotFoundException: Cannot find class: com.imooc.o2o.dao.split.DynamicDataSourceInterceptor
	at org.apache.ibatis.io.ClassLoaderWrapper.classForName(ClassLoaderWrapper.java:200)
	at org.apache.ibatis.io.ClassLoaderWrapper.classForName(ClassLoaderWrapper.java:89)
	at org.apache.ibatis.io.Resources.classForName(Resources.java:261)
	at org.apache.ibatis.type.TypeAliasRegistry.resolveAlias(TypeAliasRegistry.java:116)
	... 55 more
</error>
    <system-out>17:46:09.324 [main] DEBUG org.apache.ibatis.logging.LogFactory - Logging initialized using &apos;class org.apache.ibatis.logging.slf4j.Slf4jImpl&apos; adapter.
17:46:09.444 [main] DEBUG org.apache.ibatis.io.VFS - Class not found: org.jboss.vfs.VFS
17:46:09.445 [main] DEBUG org.apache.ibatis.io.JBoss6VFS - JBoss 6 VFS API is not available in this environment.
17:46:09.445 [main] DEBUG org.apache.ibatis.io.VFS - Class not found: org.jboss.vfs.VirtualFile
17:46:09.445 [main] DEBUG org.apache.ibatis.io.VFS - VFS implementation org.apache.ibatis.io.JBoss6VFS is not valid in this environment.
17:46:09.446 [main] DEBUG org.apache.ibatis.io.VFS - Using VFS adapter org.apache.ibatis.io.DefaultVFS
17:46:09.446 [main] DEBUG org.apache.ibatis.io.DefaultVFS - Find JAR URL: file:/C:/Users/Administrator/Workspaces/MyEclipse%202016%20CI/o2o/target/classes/com/imooc/o2o/entity
17:46:09.446 [main] DEBUG org.apache.ibatis.io.DefaultVFS - Not a JAR: file:/C:/Users/Administrator/Workspaces/MyEclipse%202016%20CI/o2o/target/classes/com/imooc/o2o/entity
17:46:09.479 [main] DEBUG org.apache.ibatis.io.DefaultVFS - Reader entry: Area.class
17:46:09.479 [main] DEBUG org.apache.ibatis.io.DefaultVFS - Reader entry: HeadLine.class
17:46:09.479 [main] DEBUG org.apache.ibatis.io.DefaultVFS - Reader entry: LocalAuth.class
17:46:09.479 [main] DEBUG org.apache.ibatis.io.DefaultVFS - Reader entry: PersonInfo.class
17:46:09.480 [main] DEBUG org.apache.ibatis.io.DefaultVFS - Reader entry: Product.class
17:46:09.480 [main] DEBUG org.apache.ibatis.io.DefaultVFS - Reader entry: ProductCategory.class
17:46:09.480 [main] DEBUG org.apache.ibatis.io.DefaultVFS - Reader entry: ProductImg.class
17:46:09.480 [main] DEBUG org.apache.ibatis.io.DefaultVFS - Reader entry: Shop.class
17:46:09.480 [main] DEBUG org.apache.ibatis.io.DefaultVFS - Reader entry: ShopCategory.class
17:46:09.480 [main] DEBUG org.apache.ibatis.io.DefaultVFS - Reader entry: WechatAuth.class
17:46:09.480 [main] DEBUG org.apache.ibatis.io.DefaultVFS - Listing file:/C:/Users/Administrator/Workspaces/MyEclipse%202016%20CI/o2o/target/classes/com/imooc/o2o/entity
17:46:09.481 [main] DEBUG org.apache.ibatis.io.DefaultVFS - Find JAR URL: file:/C:/Users/Administrator/Workspaces/MyEclipse%202016%20CI/o2o/target/classes/com/imooc/o2o/entity/Area.class
17:46:09.481 [main] DEBUG org.apache.ibatis.io.DefaultVFS - Not a JAR: file:/C:/Users/Administrator/Workspaces/MyEclipse%202016%20CI/o2o/target/classes/com/imooc/o2o/entity/Area.class
17:46:09.481 [main] DEBUG org.apache.ibatis.io.DefaultVFS - Reader entry: 漱壕&amp;#0;&amp;#0;&amp;#0;4&amp;#0;2
17:46:09.482 [main] DEBUG org.apache.ibatis.io.DefaultVFS - Find JAR URL: file:/C:/Users/Administrator/Workspaces/MyEclipse%202016%20CI/o2o/target/classes/com/imooc/o2o/entity/HeadLine.class
17:46:09.482 [main] DEBUG org.apache.ibatis.io.DefaultVFS - Not a JAR: file:/C:/Users/Administrator/Workspaces/MyEclipse%202016%20CI/o2o/target/classes/com/imooc/o2o/entity/HeadLine.class
17:46:09.483 [main] DEBUG org.apache.ibatis.io.DefaultVFS - Reader entry: 漱壕&amp;#0;&amp;#0;&amp;#0;4&amp;#0;D
17:46:09.483 [main] DEBUG org.apache.ibatis.io.DefaultVFS - Find JAR URL: file:/C:/Users/Administrator/Workspaces/MyEclipse%202016%20CI/o2o/target/classes/com/imooc/o2o/entity/LocalAuth.class
17:46:09.483 [main] DEBUG org.apache.ibatis.io.DefaultVFS - Not a JAR: file:/C:/Users/Administrator/Workspaces/MyEclipse%202016%20CI/o2o/target/classes/com/imooc/o2o/entity/LocalAuth.class
17:46:09.483 [main] DEBUG org.apache.ibatis.io.DefaultVFS - Reader entry: 漱壕&amp;#0;&amp;#0;&amp;#0;4&amp;#0;:
17:46:09.484 [main] DEBUG org.apache.ibatis.io.DefaultVFS - Find JAR URL: file:/C:/Users/Administrator/Workspaces/MyEclipse%202016%20CI/o2o/target/classes/com/imooc/o2o/entity/PersonInfo.class
17:46:09.484 [main] DEBUG org.apache.ibatis.io.DefaultVFS - Not a JAR: file:/C:/Users/Administrator/Workspaces/MyEclipse%202016%20CI/o2o/target/classes/com/imooc/o2o/entity/PersonInfo.class
17:46:09.484 [main] DEBUG org.apache.ibatis.io.DefaultVFS - Reader entry: 漱壕&amp;#0;&amp;#0;&amp;#0;4&amp;#0;I
17:46:09.484 [main] DEBUG org.apache.ibatis.io.DefaultVFS - Find JAR URL: file:/C:/Users/Administrator/Workspaces/MyEclipse%202016%20CI/o2o/target/classes/com/imooc/o2o/entity/Product.class
17:46:09.484 [main] DEBUG org.apache.ibatis.io.DefaultVFS - Not a JAR: file:/C:/Users/Administrator/Workspaces/MyEclipse%202016%20CI/o2o/target/classes/com/imooc/o2o/entity/Product.class
17:46:09.485 [main] DEBUG org.apache.ibatis.io.DefaultVFS - Reader entry: 漱壕&amp;#0;&amp;#0;&amp;#0;4&amp;#0;k
17:46:09.485 [main] DEBUG org.apache.ibatis.io.DefaultVFS - Find JAR URL: file:/C:/Users/Administrator/Workspaces/MyEclipse%202016%20CI/o2o/target/classes/com/imooc/o2o/entity/ProductCategory.class
17:46:09.485 [main] DEBUG org.apache.ibatis.io.DefaultVFS - Not a JAR: file:/C:/Users/Administrator/Workspaces/MyEclipse%202016%20CI/o2o/target/classes/com/imooc/o2o/entity/ProductCategory.class
17:46:09.486 [main] DEBUG org.apache.ibatis.io.DefaultVFS - Reader entry: 漱壕&amp;#0;&amp;#0;&amp;#0;4&amp;#0;5
17:46:09.486 [main] DEBUG org.apache.ibatis.io.DefaultVFS - Find JAR URL: file:/C:/Users/Administrator/Workspaces/MyEclipse%202016%20CI/o2o/target/classes/com/imooc/o2o/entity/ProductImg.class
17:46:09.486 [main] DEBUG org.apache.ibatis.io.DefaultVFS - Not a JAR: file:/C:/Users/Administrator/Workspaces/MyEclipse%202016%20CI/o2o/target/classes/com/imooc/o2o/entity/ProductImg.class
17:46:09.486 [main] DEBUG org.apache.ibatis.io.DefaultVFS - Reader entry: 漱壕&amp;#0;&amp;#0;&amp;#0;4&amp;#0;:
17:46:09.487 [main] DEBUG org.apache.ibatis.io.DefaultVFS - Find JAR URL: file:/C:/Users/Administrator/Workspaces/MyEclipse%202016%20CI/o2o/target/classes/com/imooc/o2o/entity/Shop.class
17:46:09.487 [main] DEBUG org.apache.ibatis.io.DefaultVFS - Not a JAR: file:/C:/Users/Administrator/Workspaces/MyEclipse%202016%20CI/o2o/target/classes/com/imooc/o2o/entity/Shop.class
17:46:09.487 [main] DEBUG org.apache.ibatis.io.DefaultVFS - Reader entry: 漱壕&amp;#0;&amp;#0;&amp;#0;4&amp;#0;k
17:46:09.487 [main] DEBUG org.apache.ibatis.io.DefaultVFS - Find JAR URL: file:/C:/Users/Administrator/Workspaces/MyEclipse%202016%20CI/o2o/target/classes/com/imooc/o2o/entity/ShopCategory.class
17:46:09.487 [main] DEBUG org.apache.ibatis.io.DefaultVFS - Not a JAR: file:/C:/Users/Administrator/Workspaces/MyEclipse%202016%20CI/o2o/target/classes/com/imooc/o2o/entity/ShopCategory.class
17:46:09.487 [main] DEBUG org.apache.ibatis.io.DefaultVFS - Reader entry: 漱壕&amp;#0;&amp;#0;&amp;#0;4&amp;#0;F
17:46:09.488 [main] DEBUG org.apache.ibatis.io.DefaultVFS - Find JAR URL: file:/C:/Users/Administrator/Workspaces/MyEclipse%202016%20CI/o2o/target/classes/com/imooc/o2o/entity/WechatAuth.class
17:46:09.488 [main] DEBUG org.apache.ibatis.io.DefaultVFS - Not a JAR: file:/C:/Users/Administrator/Workspaces/MyEclipse%202016%20CI/o2o/target/classes/com/imooc/o2o/entity/WechatAuth.class
17:46:09.488 [main] DEBUG org.apache.ibatis.io.DefaultVFS - Reader entry: 漱壕&amp;#0;&amp;#0;&amp;#0;4&amp;#0;0
17:46:09.488 [main] DEBUG org.apache.ibatis.io.ResolverUtil - Checking to see if class com.imooc.o2o.entity.Area matches criteria [is assignable to Object]
17:46:09.489 [main] DEBUG org.apache.ibatis.io.ResolverUtil - Checking to see if class com.imooc.o2o.entity.HeadLine matches criteria [is assignable to Object]
17:46:09.490 [main] DEBUG org.apache.ibatis.io.ResolverUtil - Checking to see if class com.imooc.o2o.entity.LocalAuth matches criteria [is assignable to Object]
17:46:09.491 [main] DEBUG org.apache.ibatis.io.ResolverUtil - Checking to see if class com.imooc.o2o.entity.PersonInfo matches criteria [is assignable to Object]
17:46:09.492 [main] DEBUG org.apache.ibatis.io.ResolverUtil - Checking to see if class com.imooc.o2o.entity.Product matches criteria [is assignable to Object]
17:46:09.492 [main] DEBUG org.apache.ibatis.io.ResolverUtil - Checking to see if class com.imooc.o2o.entity.ProductCategory matches criteria [is assignable to Object]
17:46:09.493 [main] DEBUG org.apache.ibatis.io.ResolverUtil - Checking to see if class com.imooc.o2o.entity.ProductImg matches criteria [is assignable to Object]
17:46:09.494 [main] DEBUG org.apache.ibatis.io.ResolverUtil - Checking to see if class com.imooc.o2o.entity.Shop matches criteria [is assignable to Object]
17:46:09.494 [main] DEBUG org.apache.ibatis.io.ResolverUtil - Checking to see if class com.imooc.o2o.entity.ShopCategory matches criteria [is assignable to Object]
17:46:09.494 [main] DEBUG org.apache.ibatis.io.ResolverUtil - Checking to see if class com.imooc.o2o.entity.WechatAuth matches criteria [is assignable to Object]
17:46:09.495 [main] DEBUG org.mybatis.spring.SqlSessionFactoryBean - Scanned package: &apos;com.imooc.o2o.entity&apos; for aliases
</system-out>
    <system-err>十二月 07, 2017 5:46:08 下午 org.springframework.test.context.support.DefaultTestContextBootstrapper getDefaultTestExecutionListenerClassNames
信息: Loaded default TestExecutionListener class names from location [META-INF/spring.factories]: [org.springframework.test.context.web.ServletTestExecutionListener, org.springframework.test.context.support.DirtiesContextBeforeModesTestExecutionListener, org.springframework.test.context.support.DependencyInjectionTestExecutionListener, org.springframework.test.context.support.DirtiesContextTestExecutionListener, org.springframework.test.context.transaction.TransactionalTestExecutionListener, org.springframework.test.context.jdbc.SqlScriptsTestExecutionListener]
十二月 07, 2017 5:46:08 下午 org.springframework.test.context.support.DefaultTestContextBootstrapper getTestExecutionListeners
信息: Using TestExecutionListeners: [org.springframework.test.context.web.ServletTestExecutionListener@4b9e13df, org.springframework.test.context.support.DirtiesContextBeforeModesTestExecutionListener@2b98378d, org.springframework.test.context.support.DependencyInjectionTestExecutionListener@475530b9, org.springframework.test.context.support.DirtiesContextTestExecutionListener@1d057a39, org.springframework.test.context.transaction.TransactionalTestExecutionListener@26be92ad, org.springframework.test.context.jdbc.SqlScriptsTestExecutionListener@4c70fda8]
十二月 07, 2017 5:46:08 下午 org.springframework.beans.factory.xml.XmlBeanDefinitionReader loadBeanDefinitions
信息: Loading XML bean definitions from class path resource [spring/spring-dao.xml]
十二月 07, 2017 5:46:08 下午 org.springframework.context.support.GenericApplicationContext prepareRefresh
信息: Refreshing org.springframework.context.support.GenericApplicationContext@490ab905: startup date [Thu Dec 07 17:46:08 CST 2017]; root of context hierarchy
十二月 07, 2017 5:46:08 下午 com.mchange.v2.log.MLog &lt;clinit&gt;
信息: MLog clients using java 1.4+ standard logging.
十二月 07, 2017 5:46:09 下午 com.mchange.v2.c3p0.C3P0Registry banner
信息: Initializing c3p0-0.9.1.2 [built 21-May-2007 15:04:56; debug? true; trace: 10]
十二月 07, 2017 5:46:09 下午 org.springframework.context.support.GenericApplicationContext refresh
警告: Exception encountered during context initialization - cancelling refresh attempt: org.springframework.beans.factory.BeanCreationException: Error creating bean with name &apos;sqlSessionFactory&apos; defined in class path resource [spring/spring-dao.xml]: Invocation of init method failed; nested exception is org.springframework.core.NestedIOException: Failed to parse config resource: class path resource [mybatis-config.xml]; nested exception is org.apache.ibatis.builder.BuilderException: Error parsing SQL Mapper Configuration. Cause: org.apache.ibatis.builder.BuilderException: Error resolving class. Cause: org.apache.ibatis.type.TypeException: Could not resolve type alias &apos;com.imooc.o2o.dao.split.DynamicDataSourceInterceptor&apos;.  Cause: java.lang.ClassNotFoundException: Cannot find class: com.imooc.o2o.dao.split.DynamicDataSourceInterceptor
十二月 07, 2017 5:46:09 下午 org.springframework.test.context.TestContextManager prepareTestInstance
严重: Caught exception while allowing TestExecutionListener [org.springframework.test.context.support.DependencyInjectionTestExecutionListener@475530b9] to prepare test instance [com.imooc.o2o.dao.AreaDaoTest@2c35e847]
java.lang.IllegalStateException: Failed to load ApplicationContext
	at org.springframework.test.context.cache.DefaultCacheAwareContextLoaderDelegate.loadContext(DefaultCacheAwareContextLoaderDelegate.java:124)
	at org.springframework.test.context.support.DefaultTestContext.getApplicationContext(DefaultTestContext.java:83)
	at org.springframework.test.context.support.DependencyInjectionTestExecutionListener.injectDependencies(DependencyInjectionTestExecutionListener.java:117)
	at org.springframework.test.context.support.DependencyInjectionTestExecutionListener.prepareTestInstance(DependencyInjectionTestExecutionListener.java:83)
	at org.springframework.test.context.TestContextManager.prepareTestInstance(TestContextManager.java:230)
	at org.springframework.test.context.junit4.SpringJUnit4ClassRunner.createTest(SpringJUnit4ClassRunner.java:228)
	at org.springframework.test.context.junit4.SpringJUnit4ClassRunner$1.runReflectiveCall(SpringJUnit4ClassRunner.java:287)
	at org.junit.internal.runners.model.ReflectiveCallable.run(ReflectiveCallable.java:12)
	at org.springframework.test.context.junit4.SpringJUnit4ClassRunner.methodBlock(SpringJUnit4ClassRunner.java:289)
	at org.springframework.test.context.junit4.SpringJUnit4ClassRunner.runChild(SpringJUnit4ClassRunner.java:247)
	at org.springframework.test.context.junit4.SpringJUnit4ClassRunner.runChild(SpringJUnit4ClassRunner.java:94)
	at org.junit.runners.ParentRunner$3.run(ParentRunner.java:290)
	at org.junit.runners.ParentRunner$1.schedule(ParentRunner.java:71)
	at org.junit.runners.ParentRunner.runChildren(ParentRunner.java:288)
	at org.junit.runners.ParentRunner.access$000(ParentRunner.java:58)
	at org.junit.runners.ParentRunner$2.evaluate(ParentRunner.java:268)
	at org.springframework.test.context.junit4.statements.RunBeforeTestClassCallbacks.evaluate(RunBeforeTestClassCallbacks.java:61)
	at org.springframework.test.context.junit4.statements.RunAfterTestClassCallbacks.evaluate(RunAfterTestClassCallbacks.java:70)
	at org.junit.runners.ParentRunner.run(ParentRunner.java:363)
	at org.springframework.test.context.junit4.SpringJUnit4ClassRunner.run(SpringJUnit4ClassRunner.java:191)
	at org.apache.maven.surefire.junit4.JUnit4Provider.execute(JUnit4Provider.java:252)
	at org.apache.maven.surefire.junit4.JUnit4Provider.executeTestSet(JUnit4Provider.java:141)
	at org.apache.maven.surefire.junit4.JUnit4Provider.invoke(JUnit4Provider.java:112)
	at sun.reflect.NativeMethodAccessorImpl.invoke0(Native Method)
	at sun.reflect.NativeMethodAccessorImpl.invoke(NativeMethodAccessorImpl.java:62)
	at sun.reflect.DelegatingMethodAccessorImpl.invoke(DelegatingMethodAccessorImpl.java:43)
	at java.lang.reflect.Method.invoke(Method.java:497)
	at org.apache.maven.surefire.util.ReflectionUtils.invokeMethodWithArray(ReflectionUtils.java:189)
	at org.apache.maven.surefire.booter.ProviderFactory$ProviderProxy.invoke(ProviderFactory.java:165)
	at org.apache.maven.surefire.booter.ProviderFactory.invokeProvider(ProviderFactory.java:85)
	at org.apache.maven.surefire.booter.ForkedBooter.runSuitesInProcess(ForkedBooter.java:115)
	at org.apache.maven.surefire.booter.ForkedBooter.main(ForkedBooter.java:75)
Caused by: org.springframework.beans.factory.BeanCreationException: Error creating bean with name &apos;sqlSessionFactory&apos; defined in class path resource [spring/spring-dao.xml]: Invocation of init method failed; nested exception is org.springframework.core.NestedIOException: Failed to parse config resource: class path resource [mybatis-config.xml]; nested exception is org.apache.ibatis.builder.BuilderException: Error parsing SQL Mapper Configuration. Cause: org.apache.ibatis.builder.BuilderException: Error resolving class. Cause: org.apache.ibatis.type.TypeException: Could not resolve type alias &apos;com.imooc.o2o.dao.split.DynamicDataSourceInterceptor&apos;.  Cause: java.lang.ClassNotFoundException: Cannot find class: com.imooc.o2o.dao.split.DynamicDataSourceInterceptor
	at org.springframework.beans.factory.support.AbstractAutowireCapableBeanFactory.initializeBean(AbstractAutowireCapableBeanFactory.java:1628)
	at org.springframework.beans.factory.support.AbstractAutowireCapableBeanFactory.doCreateBean(AbstractAutowireCapableBeanFactory.java:555)
	at org.springframework.beans.factory.support.AbstractAutowireCapableBeanFactory.createBean(AbstractAutowireCapableBeanFactory.java:483)
	at org.springframework.beans.factory.support.AbstractBeanFactory$1.getObject(AbstractBeanFactory.java:306)
	at org.springframework.beans.factory.support.DefaultSingletonBeanRegistry.getSingleton(DefaultSingletonBeanRegistry.java:230)
	at org.springframework.beans.factory.support.AbstractBeanFactory.doGetBean(AbstractBeanFactory.java:302)
	at org.springframework.beans.factory.support.AbstractBeanFactory.getBean(AbstractBeanFactory.java:197)
	at org.springframework.beans.factory.support.DefaultListableBeanFactory.preInstantiateSingletons(DefaultListableBeanFactory.java:742)
	at org.springframework.context.support.AbstractApplicationContext.finishBeanFactoryInitialization(AbstractApplicationContext.java:866)
	at org.springframework.context.support.AbstractApplicationContext.refresh(AbstractApplicationContext.java:542)
	at org.springframework.test.context.support.AbstractGenericContextLoader.loadContext(AbstractGenericContextLoader.java:128)
	at org.springframework.test.context.support.AbstractGenericContextLoader.loadContext(AbstractGenericContextLoader.java:60)
	at org.springframework.test.context.support.AbstractDelegatingSmartContextLoader.delegateLoading(AbstractDelegatingSmartContextLoader.java:108)
	at org.springframework.test.context.support.AbstractDelegatingSmartContextLoader.loadContext(AbstractDelegatingSmartContextLoader.java:251)
	at org.springframework.test.context.cache.DefaultCacheAwareContextLoaderDelegate.loadContextInternal(DefaultCacheAwareContextLoaderDelegate.java:98)
	at org.springframework.test.context.cache.DefaultCacheAwareContextLoaderDelegate.loadContext(DefaultCacheAwareContextLoaderDelegate.java:116)
	... 31 more
Caused by: org.springframework.core.NestedIOException: Failed to parse config resource: class path resource [mybatis-config.xml]; nested exception is org.apache.ibatis.builder.BuilderException: Error parsing SQL Mapper Configuration. Cause: org.apache.ibatis.builder.BuilderException: Error resolving class. Cause: org.apache.ibatis.type.TypeException: Could not resolve type alias &apos;com.imooc.o2o.dao.split.DynamicDataSourceInterceptor&apos;.  Cause: java.lang.ClassNotFoundException: Cannot find class: com.imooc.o2o.dao.split.DynamicDataSourceInterceptor
	at org.mybatis.spring.SqlSessionFactoryBean.buildSqlSessionFactory(SqlSessionFactoryBean.java:500)
	at org.mybatis.spring.SqlSessionFactoryBean.afterPropertiesSet(SqlSessionFactoryBean.java:380)
	at org.springframework.beans.factory.support.AbstractAutowireCapableBeanFactory.invokeInitMethods(AbstractAutowireCapableBeanFactory.java:1687)
	at org.springframework.beans.factory.support.AbstractAutowireCapableBeanFactory.initializeBean(AbstractAutowireCapableBeanFactory.java:1624)
	... 46 more
Caused by: org.apache.ibatis.builder.BuilderException: Error parsing SQL Mapper Configuration. Cause: org.apache.ibatis.builder.BuilderException: Error resolving class. Cause: org.apache.ibatis.type.TypeException: Could not resolve type alias &apos;com.imooc.o2o.dao.split.DynamicDataSourceInterceptor&apos;.  Cause: java.lang.ClassNotFoundException: Cannot find class: com.imooc.o2o.dao.split.DynamicDataSourceInterceptor
	at org.apache.ibatis.builder.xml.XMLConfigBuilder.parseConfiguration(XMLConfigBuilder.java:120)
	at org.apache.ibatis.builder.xml.XMLConfigBuilder.parse(XMLConfigBuilder.java:98)
	at org.mybatis.spring.SqlSessionFactoryBean.buildSqlSessionFactory(SqlSessionFactoryBean.java:494)
	... 49 more
Caused by: org.apache.ibatis.builder.BuilderException: Error resolving class. Cause: org.apache.ibatis.type.TypeException: Could not resolve type alias &apos;com.imooc.o2o.dao.split.DynamicDataSourceInterceptor&apos;.  Cause: java.lang.ClassNotFoundException: Cannot find class: com.imooc.o2o.dao.split.DynamicDataSourceInterceptor
	at org.apache.ibatis.builder.BaseBuilder.resolveClass(BaseBuilder.java:118)
	at org.apache.ibatis.builder.xml.XMLConfigBuilder.pluginElement(XMLConfigBuilder.java:182)
	at org.apache.ibatis.builder.xml.XMLConfigBuilder.parseConfiguration(XMLConfigBuilder.java:109)
	... 51 more
Caused by: org.apache.ibatis.type.TypeException: Could not resolve type alias &apos;com.imooc.o2o.dao.split.DynamicDataSourceInterceptor&apos;.  Cause: java.lang.ClassNotFoundException: Cannot find class: com.imooc.o2o.dao.split.DynamicDataSourceInterceptor
	at org.apache.ibatis.type.TypeAliasRegistry.resolveAlias(TypeAliasRegistry.java:120)
	at org.apache.ibatis.builder.BaseBuilder.resolveAlias(BaseBuilder.java:149)
	at org.apache.ibatis.builder.BaseBuilder.resolveClass(BaseBuilder.java:116)
	... 53 more
Caused by: java.lang.ClassNotFoundException: Cannot find class: com.imooc.o2o.dao.split.DynamicDataSourceInterceptor
	at org.apache.ibatis.io.ClassLoaderWrapper.classForName(ClassLoaderWrapper.java:200)
	at org.apache.ibatis.io.ClassLoaderWrapper.classForName(ClassLoaderWrapper.java:89)
	at org.apache.ibatis.io.Resources.classForName(Resources.java:261)
	at org.apache.ibatis.type.TypeAliasRegistry.resolveAlias(TypeAliasRegistry.java:116)
	... 55 more

</system-err>
  </testcase>
</testsuite>